<?xml version="1.0" encoding="UTF-8"?>
<testsuite name="BeerSongTest" tests="1" skipped="0" failures="0" errors="0" timestamp="2019-11-05T23:29:54" hostname="LAPTOP-2NV2KDNF" time="0.001">
  <properties/>
  <testcase name="singEntireSong" classname="BeerSongTest" time="0.001"/>
  <system-out><![CDATA[]]></system-out>
  <system-err><![CDATA[]]></system-err>
</testsuite>
